<?xml version="1.0" encoding="utf-8"?><testsuites><testsuite name="pytest" errors="0" failures="0" skipped="0" tests="5" time="34.481" timestamp="2020-11-03T09:27:43.433385" hostname="DESKTOP-I76TGM3"><testcase classname="test_HomePage.TestHomePage" name="test_formSubmission[getData0]" time="7.972" /><testcase classname="test_HomePage.TestHomePage" name="test_formSubmission[getData1]" time="0.581" /><testcase classname="test_HomePage.TestHomePage" name="test_getLogger" time="2.098" /><testcase classname="test_e2e.TestOne" name="test_e2e" time="15.669" /><testcase classname="test_e2e.TestOne" name="test_getLogger" time="8.068" /></testsuite></testsuites>